<?xml version="1.0" encoding="UTF-8"?>
<testsuite name="com.group.libraryapp.JunitTest" tests="2" skipped="0" failures="0" errors="0" timestamp="2024-01-15T07:35:09" hostname="YANGWON" time="0.002">
  <properties/>
  <testcase name="test1()" classname="com.group.libraryapp.JunitTest" time="0.001"/>
  <testcase name="test2()" classname="com.group.libraryapp.JunitTest" time="0.001"/>
  <system-out><![CDATA[모든 테스트 시작 전
각각 테스트 시작 전
TEST 1
각각 테스트 종료 후
각각 테스트 시작 전
TEST 2
각각 테스트 종료 후
모든 테스트 종료 후
]]></system-out>
  <system-err><![CDATA[]]></system-err>
</testsuite>
